<?xml version="1.0" ?>
<coverage version="7.8.0" timestamp="1746579643604" lines-valid="260" lines-covered="125" line-rate="0.4808" branches-valid="74" branches-covered="22" branch-rate="0.2973" complexity="0">
	<!-- Generated by coverage.py: https://coverage.readthedocs.io/en/7.8.0 -->
	<!-- Based on https://raw.githubusercontent.com/cobertura/web/master/htdocs/xml/coverage-04.dtd -->
	<sources>
		<source>/Users/px54/Documents/TB_software/V2_code</source>
	</sources>
	<packages>
		<package name="e3SIM" line-rate="0.3538" branch-rate="0.2917" complexity="0">
			<classes>
				<class name="base_func.py" filename="e3SIM/base_func.py" complexity="0" line-rate="0.1358" branch-rate="0">
					<methods/>
					<lines>
						<line number="1" hits="1"/>
						<line number="2" hits="1"/>
						<line number="3" hits="1"/>
						<line number="5" hits="1"/>
						<line number="6" hits="0" branch="true" condition-coverage="0% (0/2)" missing-branches="exit,7"/>
						<line number="7" hits="0" branch="true" condition-coverage="0% (0/2)" missing-branches="8,10"/>
						<line number="8" hits="0"/>
						<line number="10" hits="0"/>
						<line number="12" hits="1"/>
						<line number="21" hits="0"/>
						<line number="22" hits="0"/>
						<line number="24" hits="0"/>
						<line number="25" hits="0"/>
						<line number="28" hits="0"/>
						<line number="30" hits="0"/>
						<line number="32" hits="1"/>
						<line number="34" hits="0"/>
						<line number="35" hits="0"/>
						<line number="38" hits="1"/>
						<line number="45" hits="0" branch="true" condition-coverage="0% (0/2)" missing-branches="46,47"/>
						<line number="46" hits="0"/>
						<line number="47" hits="0" branch="true" condition-coverage="0% (0/2)" missing-branches="48,49"/>
						<line number="48" hits="0"/>
						<line number="49" hits="0" branch="true" condition-coverage="0% (0/2)" missing-branches="50,51"/>
						<line number="50" hits="0"/>
						<line number="51" hits="0"/>
						<line number="53" hits="1"/>
						<line number="60" hits="0"/>
						<line number="61" hits="0"/>
						<line number="62" hits="0"/>
						<line number="64" hits="1"/>
						<line number="65" hits="0"/>
						<line number="67" hits="1"/>
						<line number="74" hits="0"/>
						<line number="75" hits="0"/>
						<line number="76" hits="0"/>
						<line number="77" hits="0"/>
						<line number="78" hits="0"/>
						<line number="80" hits="0"/>
						<line number="81" hits="0"/>
						<line number="82" hits="0" branch="true" condition-coverage="0% (0/2)" missing-branches="83,108"/>
						<line number="83" hits="0" branch="true" condition-coverage="0% (0/2)" missing-branches="84,85"/>
						<line number="84" hits="0"/>
						<line number="85" hits="0" branch="true" condition-coverage="0% (0/2)" missing-branches="86,88"/>
						<line number="86" hits="0"/>
						<line number="88" hits="0"/>
						<line number="89" hits="0" branch="true" condition-coverage="0% (0/2)" missing-branches="90,101"/>
						<line number="90" hits="0" branch="true" condition-coverage="0% (0/2)" missing-branches="91,92"/>
						<line number="91" hits="0"/>
						<line number="92" hits="0" branch="true" condition-coverage="0% (0/2)" missing-branches="93,94"/>
						<line number="93" hits="0"/>
						<line number="94" hits="0" branch="true" condition-coverage="0% (0/2)" missing-branches="95,99"/>
						<line number="95" hits="0" branch="true" condition-coverage="0% (0/2)" missing-branches="96,97"/>
						<line number="96" hits="0"/>
						<line number="97" hits="0"/>
						<line number="99" hits="0"/>
						<line number="100" hits="0"/>
						<line number="101" hits="0" branch="true" condition-coverage="0% (0/2)" missing-branches="102,103"/>
						<line number="102" hits="0"/>
						<line number="103" hits="0" branch="true" condition-coverage="0% (0/2)" missing-branches="104,105"/>
						<line number="104" hits="0"/>
						<line number="105" hits="0" branch="true" condition-coverage="0% (0/2)" missing-branches="106,107"/>
						<line number="106" hits="0"/>
						<line number="107" hits="0"/>
						<line number="108" hits="0"/>
						<line number="112" hits="1"/>
						<line number="113" hits="0"/>
						<line number="114" hits="0"/>
						<line number="115" hits="0" branch="true" condition-coverage="0% (0/2)" missing-branches="116,118"/>
						<line number="116" hits="0"/>
						<line number="117" hits="0"/>
						<line number="118" hits="0" branch="true" condition-coverage="0% (0/2)" missing-branches="119,121"/>
						<line number="119" hits="0"/>
						<line number="121" hits="0"/>
						<line number="122" hits="0"/>
						<line number="123" hits="0"/>
						<line number="124" hits="0"/>
						<line number="125" hits="0"/>
						<line number="126" hits="0" branch="true" condition-coverage="0% (0/2)" missing-branches="127,128"/>
						<line number="127" hits="0"/>
						<line number="128" hits="0"/>
					</lines>
				</class>
				<class name="error_handling.py" filename="e3SIM/error_handling.py" complexity="0" line-rate="1" branch-rate="1">
					<methods/>
					<lines>
						<line number="1" hits="1"/>
						<line number="2" hits="1"/>
					</lines>
				</class>
				<class name="network_generator.py" filename="e3SIM/network_generator.py" complexity="0" line-rate="0.5" branch-rate="0.6176">
					<methods/>
					<lines>
						<line number="1" hits="1"/>
						<line number="2" hits="1"/>
						<line number="3" hits="1"/>
						<line number="6" hits="1"/>
						<line number="18" hits="1"/>
						<line number="19" hits="1"/>
						<line number="20" hits="1"/>
						<line number="23" hits="1"/>
						<line number="31" hits="0" branch="true" condition-coverage="0% (0/2)" missing-branches="32,33"/>
						<line number="32" hits="0"/>
						<line number="33" hits="0"/>
						<line number="34" hits="0"/>
						<line number="36" hits="1"/>
						<line number="44" hits="1" branch="true" condition-coverage="50% (1/2)" missing-branches="45"/>
						<line number="45" hits="0"/>
						<line number="46" hits="1"/>
						<line number="47" hits="1"/>
						<line number="49" hits="1"/>
						<line number="60" hits="1"/>
						<line number="61" hits="1"/>
						<line number="64" hits="1" branch="true" condition-coverage="50% (1/2)" missing-branches="65"/>
						<line number="65" hits="0"/>
						<line number="69" hits="1" branch="true" condition-coverage="50% (1/2)" missing-branches="70"/>
						<line number="70" hits="0"/>
						<line number="75" hits="1" branch="true" condition-coverage="50% (1/2)" missing-branches="76"/>
						<line number="76" hits="0"/>
						<line number="83" hits="1"/>
						<line number="84" hits="1" branch="true" condition-coverage="100% (2/2)"/>
						<line number="85" hits="1"/>
						<line number="88" hits="1"/>
						<line number="89" hits="1"/>
						<line number="92" hits="1"/>
						<line number="100" hits="0"/>
						<line number="101" hits="0"/>
						<line number="104" hits="1"/>
						<line number="112" hits="1" branch="true" condition-coverage="100% (2/2)"/>
						<line number="113" hits="1"/>
						<line number="116" hits="1" branch="true" condition-coverage="100% (2/2)"/>
						<line number="117" hits="1"/>
						<line number="121" hits="1"/>
						<line number="122" hits="1" branch="true" condition-coverage="100% (2/2)"/>
						<line number="123" hits="1"/>
						<line number="128" hits="1"/>
						<line number="131" hits="1"/>
						<line number="163" hits="1" branch="true" condition-coverage="50% (1/2)" missing-branches="164"/>
						<line number="164" hits="0"/>
						<line number="165" hits="1"/>
						<line number="166" hits="1"/>
						<line number="167" hits="1"/>
						<line number="168" hits="1" branch="true" condition-coverage="50% (1/2)" missing-branches="170"/>
						<line number="170" hits="0"/>
						<line number="172" hits="1" branch="true" condition-coverage="100% (2/2)"/>
						<line number="173" hits="1" branch="true" condition-coverage="50% (1/2)" missing-branches="174"/>
						<line number="174" hits="0"/>
						<line number="179" hits="1" branch="true" condition-coverage="100% (2/2)"/>
						<line number="180" hits="1"/>
						<line number="181" hits="1" branch="true" condition-coverage="50% (1/2)" missing-branches="183"/>
						<line number="182" hits="1"/>
						<line number="183" hits="0" branch="true" condition-coverage="0% (0/2)" missing-branches="184,190"/>
						<line number="184" hits="0"/>
						<line number="186" hits="1"/>
						<line number="190" hits="1"/>
						<line number="191" hits="1"/>
						<line number="197" hits="1"/>
						<line number="198" hits="1"/>
						<line number="199" hits="1"/>
						<line number="200" hits="1"/>
						<line number="202" hits="1"/>
						<line number="205" hits="1"/>
						<line number="206" hits="0"/>
						<line number="207" hits="0"/>
						<line number="209" hits="0"/>
						<line number="210" hits="0"/>
						<line number="212" hits="0"/>
						<line number="214" hits="0"/>
						<line number="216" hits="0"/>
						<line number="218" hits="0"/>
						<line number="219" hits="0"/>
						<line number="220" hits="0"/>
						<line number="221" hits="0"/>
						<line number="223" hits="0"/>
						<line number="226" hits="0"/>
						<line number="230" hits="0"/>
						<line number="243" hits="0"/>
						<line number="246" hits="1"/>
						<line number="247" hits="0"/>
						<line number="251" hits="0"/>
						<line number="254" hits="0"/>
						<line number="255" hits="0"/>
						<line number="258" hits="0"/>
						<line number="261" hits="0"/>
						<line number="269" hits="0"/>
						<line number="272" hits="0"/>
						<line number="281" hits="0"/>
						<line number="291" hits="0"/>
						<line number="299" hits="0"/>
						<line number="302" hits="0"/>
						<line number="311" hits="0"/>
						<line number="312" hits="0"/>
						<line number="313" hits="0"/>
						<line number="314" hits="0"/>
						<line number="315" hits="0"/>
						<line number="316" hits="0"/>
						<line number="317" hits="0"/>
						<line number="318" hits="0"/>
						<line number="319" hits="0"/>
						<line number="320" hits="0"/>
						<line number="321" hits="0"/>
						<line number="322" hits="0"/>
						<line number="324" hits="0"/>
						<line number="338" hits="1" branch="true" condition-coverage="50% (1/2)" missing-branches="339"/>
						<line number="339" hits="0"/>
					</lines>
				</class>
			</classes>
		</package>
		<package name="unit_test" line-rate="0.8615" branch-rate="0.5" complexity="0">
			<classes>
				<class name="test_base_func.py" filename="unit_test/test_base_func.py" complexity="0" line-rate="1" branch-rate="1">
					<methods/>
					<lines/>
				</class>
				<class name="test_genetic_effect_generator.py" filename="unit_test/test_genetic_effect_generator.py" complexity="0" line-rate="1" branch-rate="1">
					<methods/>
					<lines/>
				</class>
				<class name="test_network_generator.py" filename="unit_test/test_network_generator.py" complexity="0" line-rate="0.8615" branch-rate="0.5">
					<methods/>
					<lines>
						<line number="1" hits="1"/>
						<line number="2" hits="1"/>
						<line number="3" hits="1"/>
						<line number="4" hits="1"/>
						<line number="5" hits="1"/>
						<line number="7" hits="1"/>
						<line number="8" hits="1"/>
						<line number="9" hits="1" branch="true" condition-coverage="50% (1/2)" missing-branches="12"/>
						<line number="10" hits="1"/>
						<line number="12" hits="1"/>
						<line number="14" hits="1"/>
						<line number="15" hits="1"/>
						<line number="16" hits="1"/>
						<line number="17" hits="1"/>
						<line number="18" hits="1"/>
						<line number="19" hits="1"/>
						<line number="21" hits="1"/>
						<line number="22" hits="1"/>
						<line number="23" hits="1"/>
						<line number="24" hits="1"/>
						<line number="25" hits="1"/>
						<line number="26" hits="1"/>
						<line number="28" hits="1"/>
						<line number="29" hits="1"/>
						<line number="30" hits="1"/>
						<line number="32" hits="1"/>
						<line number="33" hits="1"/>
						<line number="35" hits="1"/>
						<line number="36" hits="1"/>
						<line number="38" hits="1"/>
						<line number="39" hits="1"/>
						<line number="40" hits="1"/>
						<line number="41" hits="1"/>
						<line number="42" hits="1"/>
						<line number="43" hits="0"/>
						<line number="45" hits="1"/>
						<line number="46" hits="1"/>
						<line number="52" hits="1"/>
						<line number="54" hits="1"/>
						<line number="55" hits="1"/>
						<line number="62" hits="1"/>
						<line number="63" hits="1"/>
						<line number="64" hits="1"/>
						<line number="65" hits="1"/>
						<line number="66" hits="1"/>
						<line number="68" hits="1"/>
						<line number="69" hits="1"/>
						<line number="71" hits="1"/>
						<line number="72" hits="0"/>
						<line number="79" hits="0"/>
						<line number="80" hits="0"/>
						<line number="81" hits="0"/>
						<line number="82" hits="0"/>
						<line number="83" hits="0"/>
						<line number="84" hits="0"/>
						<line number="85" hits="0"/>
						<line number="87" hits="1"/>
						<line number="88" hits="1"/>
						<line number="97" hits="1"/>
						<line number="98" hits="1"/>
						<line number="99" hits="1"/>
						<line number="100" hits="1"/>
						<line number="101" hits="1"/>
						<line number="103" hits="1"/>
						<line number="104" hits="1"/>
					</lines>
				</class>
				<class name="test_outbreak_simulator.py" filename="unit_test/test_outbreak_simulator.py" complexity="0" line-rate="1" branch-rate="1">
					<methods/>
					<lines/>
				</class>
				<class name="test_post_simulation.py" filename="unit_test/test_post_simulation.py" complexity="0" line-rate="1" branch-rate="1">
					<methods/>
					<lines/>
				</class>
				<class name="test_seed_generator.py" filename="unit_test/test_seed_generator.py" complexity="0" line-rate="1" branch-rate="1">
					<methods/>
					<lines/>
				</class>
				<class name="test_seed_host_matcher.py" filename="unit_test/test_seed_host_matcher.py" complexity="0" line-rate="1" branch-rate="1">
					<methods/>
					<lines/>
				</class>
			</classes>
		</package>
	</packages>
</coverage>
